<?xml version="1.0" encoding="UTF-8"?>
<testng-results total="1" passed="1" failed="0" skipped="0">
  <reporter-output>
  </reporter-output>
  <suite started-at="2021-05-21T15:09:08Z" name="Default Suite" finished-at="2021-05-21T15:09:10Z" duration-ms="2176">
    <groups>
    </groups>
    <test started-at="2021-05-21T15:09:08Z" name="API" finished-at="2021-05-21T15:09:10Z" duration-ms="2176">
      <class name="FindBookTest">
        <test-method is-config="true" signature="setup()[pri:0, instance:FindBookTest@163e4e87]" started-at="2021-05-21T20:39:08Z" name="setup" finished-at="2021-05-21T20:39:09Z" duration-ms="852" status="PASS">
          <reporter-output>
          </reporter-output>
        </test-method> <!-- setup -->
        <test-method signature="testFindBookByAuthorName()[pri:0, instance:FindBookTest@163e4e87]" started-at="2021-05-21T20:39:09Z" name="testFindBookByAuthorName" finished-at="2021-05-21T20:39:10Z" duration-ms="1317" status="PASS">
          <reporter-output>
          </reporter-output>
        </test-method> <!-- testFindBookByAuthorName -->
      </class> <!-- FindBookTest -->
    </test> <!-- API -->
  </suite> <!-- Default Suite -->
</testng-results>
